<?xml version="1.0" encoding="UTF-8"?>
<testsuite name="pl.szczerbiak.demoapp.api.HelloWorldEndpoinTest" tests="1" skipped="0" failures="0" errors="0" timestamp="2019-06-04T07:06:03" hostname="ApireV" time="0.026">
  <properties/>
  <testcase name="shouldReturnGreetings" classname="pl.szczerbiak.demoapp.api.HelloWorldEndpoinTest" time="0.026"/>
  <system-out><![CDATA[2019-06-04 09:06:03.784  INFO 23184 --- [    Test worker] .b.t.c.SpringBootTestContextBootstrapper : Neither @ContextConfiguration nor @ContextHierarchy found for test class [pl.szczerbiak.demoapp.api.HelloWorldEndpoinTest], using SpringBootContextLoader
2019-06-04 09:06:03.784  INFO 23184 --- [    Test worker] o.s.t.c.support.AbstractContextLoader    : Could not detect default resource locations for test class [pl.szczerbiak.demoapp.api.HelloWorldEndpoinTest]: no resource found for suffixes {-context.xml, Context.groovy}.
2019-06-04 09:06:03.784  INFO 23184 --- [    Test worker] t.c.s.AnnotationConfigContextLoaderUtils : Could not detect default configuration classes for test class [pl.szczerbiak.demoapp.api.HelloWorldEndpoinTest]: HelloWorldEndpoinTest does not declare any static, non-private, non-final, nested classes annotated with @Configuration.
2019-06-04 09:06:03.784  INFO 23184 --- [    Test worker] .b.t.c.SpringBootTestContextBootstrapper : Found @SpringBootConfiguration pl.szczerbiak.demoapp.DemoappApplication for test class pl.szczerbiak.demoapp.api.HelloWorldEndpoinTest
2019-06-04 09:06:03.784  INFO 23184 --- [    Test worker] .b.t.c.SpringBootTestContextBootstrapper : Loaded default TestExecutionListener class names from location [META-INF/spring.factories]: [org.spockframework.spring.SpringMockTestExecutionListener, org.springframework.boot.test.autoconfigure.restdocs.RestDocsTestExecutionListener, org.springframework.boot.test.autoconfigure.web.client.MockRestServiceServerResetTestExecutionListener, org.springframework.boot.test.autoconfigure.web.servlet.MockMvcPrintOnlyOnFailureTestExecutionListener, org.springframework.boot.test.autoconfigure.web.servlet.WebDriverTestExecutionListener, org.springframework.boot.test.mock.mockito.MockitoTestExecutionListener, org.springframework.boot.test.mock.mockito.ResetMocksTestExecutionListener, org.springframework.test.context.web.ServletTestExecutionListener, org.springframework.test.context.support.DirtiesContextBeforeModesTestExecutionListener, org.springframework.test.context.support.DependencyInjectionTestExecutionListener, org.springframework.test.context.support.DirtiesContextTestExecutionListener, org.springframework.test.context.transaction.TransactionalTestExecutionListener, org.springframework.test.context.jdbc.SqlScriptsTestExecutionListener]
2019-06-04 09:06:03.799  INFO 23184 --- [    Test worker] .b.t.c.SpringBootTestContextBootstrapper : Using TestExecutionListeners: [org.springframework.test.context.web.ServletTestExecutionListener@2988fecb, org.springframework.test.context.support.DirtiesContextBeforeModesTestExecutionListener@7639d70b, org.springframework.boot.test.mock.mockito.MockitoTestExecutionListener@59f258ad, org.springframework.boot.test.autoconfigure.SpringBootDependencyInjectionTestExecutionListener@68e45a8b, org.springframework.test.context.support.DirtiesContextTestExecutionListener@6f49ffa, org.springframework.boot.test.autoconfigure.restdocs.RestDocsTestExecutionListener@3e4d81a0, org.springframework.boot.test.autoconfigure.web.client.MockRestServiceServerResetTestExecutionListener@75b191f4, org.springframework.boot.test.autoconfigure.web.servlet.MockMvcPrintOnlyOnFailureTestExecutionListener@3f4badcb, org.springframework.boot.test.autoconfigure.web.servlet.WebDriverTestExecutionListener@1d62fe97, org.springframework.boot.test.mock.mockito.ResetMocksTestExecutionListener@4ff02c1a, org.spockframework.spring.SpringMockTestExecutionListener@36372a21]
]]></system-out>
  <system-err><![CDATA[]]></system-err>
</testsuite>
